# JRE version: Java(TM) SE Runtime Environment (8.0_65-b17) (build 1.8.0_65-b17)
# Java VM: Java HotSpot(TM) 64-Bit Server VM (25.65-b01 mixed mode windows-amd64 compressed oops)
Heap:
 PSYoungGen      total 71680K, used 32941K [0x00000000d5f80000, 0x00000000daa80000, 0x0000000100000000)
  eden space 66560K, 47% used [0x00000000d5f80000,0x00000000d7eaf4c0,0x00000000da080000)
  from space 5120K, 19% used [0x00000000da580000,0x00000000da67c010,0x00000000daa80000)
  to   space 5120K, 0% used [0x00000000da080000,0x00000000da080000,0x00000000da580000)
 ParOldGen       total 87552K, used 11027K [0x0000000081e00000, 0x0000000087380000, 0x00000000d5f80000)
  object space 87552K, 12% used [0x0000000081e00000,0x00000000828c4f68,0x0000000087380000)
 Metaspace       used 7427K, capacity 7568K, committed 7808K, reserved 1056768K
  class space    used 793K, capacity 864K, committed 896K, reserved 1048576K
GC Heap History (8 events):
Event: 0.625 GC heap before
{Heap before GC invocations=1 (full 0):
 PSYoungGen      total 38400K, used 33280K [0x00000000d5f80000, 0x00000000d8a00000, 0x0000000100000000)
  eden space 33280K, 100% used [0x00000000d5f80000,0x00000000d8000000,0x00000000d8000000)
  from space 5120K, 0% used [0x00000000d8500000,0x00000000d8500000,0x00000000d8a00000)
  to   space 5120K, 0% used [0x00000000d8000000,0x00000000d8000000,0x00000000d8500000)
 ParOldGen       total 87552K, used 0K [0x0000000081e00000, 0x0000000087380000, 0x00000000d5f80000)
  object space 87552K, 0% used [0x0000000081e00000,0x0000000081e00000,0x0000000087380000)
 Metaspace       used 6345K, capacity 6494K, committed 6656K, reserved 1056768K
  class space    used 668K, capacity 763K, committed 768K, reserved 1048576K
Event: 0.627 GC heap after
Heap after GC invocations=1 (full 0):
 PSYoungGen      total 38400K, used 4663K [0x00000000d5f80000, 0x00000000d8a00000, 0x0000000100000000)
  eden space 33280K, 0% used [0x00000000d5f80000,0x00000000d5f80000,0x00000000d8000000)
  from space 5120K, 91% used [0x00000000d8000000,0x00000000d848dfa0,0x00000000d8500000)
  to   space 5120K, 0% used [0x00000000d8500000,0x00000000d8500000,0x00000000d8a00000)
 ParOldGen       total 87552K, used 1787K [0x0000000081e00000, 0x0000000087380000, 0x00000000d5f80000)
  object space 87552K, 2% used [0x0000000081e00000,0x0000000081fbef38,0x0000000087380000)
 Metaspace       used 6345K, capacity 6494K, committed 6656K, reserved 1056768K
  class space    used 668K, capacity 763K, committed 768K, reserved 1048576K
}
Event: 0.790 GC heap before
{Heap before GC invocations=2 (full 0):
 PSYoungGen      total 38400K, used 37061K [0x00000000d5f80000, 0x00000000d8a00000, 0x0000000100000000)
  eden space 33280K, 97% used [0x00000000d5f80000,0x00000000d7f235d0,0x00000000d8000000)
  from space 5120K, 91% used [0x00000000d8000000,0x00000000d848dfa0,0x00000000d8500000)
  to   space 5120K, 0% used [0x00000000d8500000,0x00000000d8500000,0x00000000d8a00000)
 ParOldGen       total 87552K, used 1787K [0x0000000081e00000, 0x0000000087380000, 0x00000000d5f80000)
  object space 87552K, 2% used [0x0000000081e00000,0x0000000081fbef38,0x0000000087380000)
 Metaspace       used 6351K, capacity 6558K, committed 6656K, reserved 1056768K
  class space    used 668K, capacity 763K, committed 768K, reserved 1048576K
Event: 0.794 GC heap after
Heap after GC invocations=2 (full 0):
 PSYoungGen      total 38400K, used 5024K [0x00000000d5f80000, 0x00000000daa80000, 0x0000000100000000)
  eden space 33280K, 0% used [0x00000000d5f80000,0x00000000d5f80000,0x00000000d8000000)
  from space 5120K, 98% used [0x00000000d8500000,0x00000000d89e8010,0x00000000d8a00000)
  to   space 5120K, 0% used [0x00000000d8000000,0x00000000d8000000,0x00000000d8500000)
 ParOldGen       total 87552K, used 11011K [0x0000000081e00000, 0x0000000087380000, 0x00000000d5f80000)
  object space 87552K, 12% used [0x0000000081e00000,0x00000000828c0f68,0x0000000087380000)
 Metaspace       used 6351K, capacity 6558K, committed 6656K, reserved 1056768K
  class space    used 668K, capacity 763K, committed 768K, reserved 1048576K
}
Event: 0.926 GC heap before
{Heap before GC invocations=3 (full 0):
 PSYoungGen      total 38400K, used 36602K [0x00000000d5f80000, 0x00000000daa80000, 0x0000000100000000)
  eden space 33280K, 94% used [0x00000000d5f80000,0x00000000d7e56938,0x00000000d8000000)
  from space 5120K, 98% used [0x00000000d8500000,0x00000000d89e8010,0x00000000d8a00000)
  to   space 5120K, 0% used [0x00000000d8000000,0x00000000d8000000,0x00000000d8500000)
 ParOldGen       total 87552K, used 11011K [0x0000000081e00000, 0x0000000087380000, 0x00000000d5f80000)
  object space 87552K, 12% used [0x0000000081e00000,0x00000000828c0f68,0x0000000087380000)
 Metaspace       used 6436K, capacity 6622K, committed 6656K, reserved 1056768K
  class space    used 668K, capacity 763K, committed 768K, reserved 1048576K
Event: 0.928 GC heap after
Heap after GC invocations=3 (full 0):
 PSYoungGen      total 38400K, used 4032K [0x00000000d5f80000, 0x00000000daa80000, 0x0000000100000000)
  eden space 33280K, 0% used [0x00000000d5f80000,0x00000000d5f80000,0x00000000d8000000)
  from space 5120K, 78% used [0x00000000d8000000,0x00000000d83f0030,0x00000000d8500000)
  to   space 5120K, 0% used [0x00000000da580000,0x00000000da580000,0x00000000daa80000)
 ParOldGen       total 87552K, used 11019K [0x0000000081e00000, 0x0000000087380000, 0x00000000d5f80000)
  object space 87552K, 12% used [0x0000000081e00000,0x00000000828c2f68,0x0000000087380000)
 Metaspace       used 6436K, capacity 6622K, committed 6656K, reserved 1056768K
  class space    used 668K, capacity 763K, committed 768K, reserved 1048576K
}
Event: 1.071 GC heap before
{Heap before GC invocations=4 (full 0):
 PSYoungGen      total 38400K, used 32940K [0x00000000d5f80000, 0x00000000daa80000, 0x0000000100000000)
  eden space 33280K, 86% used [0x00000000d5f80000,0x00000000d7bbb3b0,0x00000000d8000000)
  from space 5120K, 78% used [0x00000000d8000000,0x00000000d83f0030,0x00000000d8500000)
  to   space 5120K, 0% used [0x00000000da580000,0x00000000da580000,0x00000000daa80000)
 ParOldGen       total 87552K, used 11019K [0x0000000081e00000, 0x0000000087380000, 0x00000000d5f80000)
  object space 87552K, 12% used [0x0000000081e00000,0x00000000828c2f68,0x0000000087380000)
 Metaspace       used 6873K, capacity 7056K, committed 7296K, reserved 1056768K
  class space    used 723K, capacity 800K, committed 896K, reserved 1048576K
Event: 1.072 GC heap after
Heap after GC invocations=4 (full 0):
 PSYoungGen      total 71680K, used 1008K [0x00000000d5f80000, 0x00000000daa80000, 0x0000000100000000)
  eden space 66560K, 0% used [0x00000000d5f80000,0x00000000d5f80000,0x00000000da080000)
  from space 5120K, 19% used [0x00000000da580000,0x00000000da67c010,0x00000000daa80000)
  to   space 5120K, 0% used [0x00000000da080000,0x00000000da080000,0x00000000da580000)
 ParOldGen       total 87552K, used 11027K [0x0000000081e00000, 0x0000000087380000, 0x00000000d5f80000)
  object space 87552K, 12% used [0x0000000081e00000,0x00000000828c4f68,0x0000000087380000)
 Metaspace       used 6873K, capacity 7056K, committed 7296K, reserved 1056768K
  class space    used 723K, capacity 800K, committed 896K, reserved 1048576K
}

